2025-06-02 17:52:47,080 - INFO - Numba acceleration enabled
2025-06-02 17:52:47,261 - ERROR - Could not load plugin /Users/george/.FLIKA/plugins/locsAndTracksPlotter
2025-06-02 17:52:47,281 - ERROR - Uncaught exception
Traceback (most recent call last):
  File "/opt/anaconda3/envs/flika/lib/python3.11/site-packages/flika/app/plugin_manager.py", line 513, in run
    p.bind_menu_and_methods()
  File "/opt/anaconda3/envs/flika/lib/python3.11/site-packages/flika/app/plugin_manager.py", line 174, in bind_menu_and_methods
    build_submenu(self.directory, self.menu, self.menu_layout)
  File "/opt/anaconda3/envs/flika/lib/python3.11/site-packages/flika/app/plugin_manager.py", line 118, in build_submenu
    method = str2func(module_name, od['@location'], od['@function'])
             ^^^^^^^^^^^^^^^^^^^^^^^^^^^^^^^^^^^^^^^^^^^^^^^^^^^^^^^
  File "/opt/anaconda3/envs/flika/lib/python3.11/site-packages/flika/app/plugin_manager.py", line 98, in str2func
    module = __import__(plugin_dir, fromlist=[levels[0]]).__dict__[levels[0]]
             ^^^^^^^^^^^^^^^^^^^^^^^^^^^^^^^^^^^^^^^^^^^^
  File "/Users/george/.FLIKA/plugins/locsAndTracksPlotter/locsAndTracksPlotter.py", line 77, in <module>
    from .roiZoomPlotter import ROIPLOT
  File "/Users/george/.FLIKA/plugins/locsAndTracksPlotter/roiZoomPlotter.py", line 27, in <module>
    from qtpy.QtGui import (QColor, QFont, QFontMetrics, QPalette, QPixmap,
ImportError: cannot import name 'QStyledItemDelegate' from 'qtpy.QtGui' (/opt/anaconda3/envs/flika/lib/python3.11/site-packages/qtpy/QtGui.py)
2025-06-02 17:53:17,667 - INFO - Numba acceleration enabled
2025-06-02 17:53:17,830 - ERROR - Could not load plugin /Users/george/.FLIKA/plugins/locsAndTracksPlotter
2025-06-02 17:53:17,830 - ERROR - Uncaught exception
Traceback (most recent call last):
  File "/opt/anaconda3/envs/flika/lib/python3.11/site-packages/flika/app/plugin_manager.py", line 513, in run
    p.bind_menu_and_methods()
  File "/opt/anaconda3/envs/flika/lib/python3.11/site-packages/flika/app/plugin_manager.py", line 174, in bind_menu_and_methods
    build_submenu(self.directory, self.menu, self.menu_layout)
  File "/opt/anaconda3/envs/flika/lib/python3.11/site-packages/flika/app/plugin_manager.py", line 118, in build_submenu
    method = str2func(module_name, od['@location'], od['@function'])
             ^^^^^^^^^^^^^^^^^^^^^^^^^^^^^^^^^^^^^^^^^^^^^^^^^^^^^^^
  File "/opt/anaconda3/envs/flika/lib/python3.11/site-packages/flika/app/plugin_manager.py", line 98, in str2func
    module = __import__(plugin_dir, fromlist=[levels[0]]).__dict__[levels[0]]
             ^^^^^^^^^^^^^^^^^^^^^^^^^^^^^^^^^^^^^^^^^^^^
  File "/Users/george/.FLIKA/plugins/locsAndTracksPlotter/locsAndTracksPlotter.py", line 77, in <module>
    from .roiZoomPlotter import ROIPLOT
  File "/Users/george/.FLIKA/plugins/locsAndTracksPlotter/roiZoomPlotter.py", line 30, in <module>
    from qtpy.QtWidgets import (QMainWindow, QWidget, QLabel, QPushButton,
ImportError: cannot import name 'QStandardItemModel' from 'qtpy.QtWidgets' (/opt/anaconda3/envs/flika/lib/python3.11/site-packages/qtpy/QtWidgets.py)
2025-06-02 17:56:15,930 - INFO - Numba acceleration enabled
2025-06-02 17:56:16,096 - ERROR - Could not load plugin /Users/george/.FLIKA/plugins/locsAndTracksPlotter
2025-06-02 17:56:16,096 - ERROR - Uncaught exception
Traceback (most recent call last):
  File "/opt/anaconda3/envs/flika/lib/python3.11/site-packages/flika/app/plugin_manager.py", line 513, in run
    p.bind_menu_and_methods()
  File "/opt/anaconda3/envs/flika/lib/python3.11/site-packages/flika/app/plugin_manager.py", line 174, in bind_menu_and_methods
    build_submenu(self.directory, self.menu, self.menu_layout)
  File "/opt/anaconda3/envs/flika/lib/python3.11/site-packages/flika/app/plugin_manager.py", line 118, in build_submenu
    method = str2func(module_name, od['@location'], od['@function'])
             ^^^^^^^^^^^^^^^^^^^^^^^^^^^^^^^^^^^^^^^^^^^^^^^^^^^^^^^
  File "/opt/anaconda3/envs/flika/lib/python3.11/site-packages/flika/app/plugin_manager.py", line 98, in str2func
    module = __import__(plugin_dir, fromlist=[levels[0]]).__dict__[levels[0]]
             ^^^^^^^^^^^^^^^^^^^^^^^^^^^^^^^^^^^^^^^^^^^^
  File "/Users/george/.FLIKA/plugins/locsAndTracksPlotter/locsAndTracksPlotter.py", line 77, in <module>
    from .roiZoomPlotter import ROIPLOT
  File "/Users/george/.FLIKA/plugins/locsAndTracksPlotter/roiZoomPlotter.py", line 27, in <module>
    from qtpy.QtGui import (QColor, QFont, QFontMetrics, QPalette, QPixmap,
ImportError: cannot import name 'QStyledItemDelegate' from 'qtpy.QtGui' (/opt/anaconda3/envs/flika/lib/python3.11/site-packages/qtpy/QtGui.py)
2025-06-02 17:56:58,019 - INFO - Numba acceleration enabled
2025-06-02 17:56:58,183 - INFO - Initializing LocsAndTracksPlotter
2025-06-02 17:57:12,251 - ERROR - Error setting up plot appearance: 'PlotItem' object has no attribute 'setBackground'
2025-06-02 17:57:42,802 - INFO - File selected: /Users/george/Desktop/marta_examples/DMSO/MCS_02A_2023_08_31_DMSOctrl_Standard_2/MCS_02A_2023_08_31_DMSOctrl_Standard_2_MMStack_Default.ome_locsID_tracksRG_SVMPredicted_NN_diffusion_velocity_AllLocs_NNcount_BGsubtract_trapped-AllFrames.csv
2025-06-02 17:57:42,803 - INFO - File selected: /Users/george/Desktop/marta_examples/DMSO/MCS_02A_2023_08_31_DMSOctrl_Standard_2/MCS_02A_2023_08_31_DMSOctrl_Standard_2_MMStack_Default.ome_locsID_tracksRG_SVMPredicted_NN_diffusion_velocity_AllLocs_NNcount_BGsubtract_trapped-AllFrames.csv
2025-06-02 17:57:42,803 - INFO - Loading data file
2025-06-02 17:57:44,392 - INFO - Data processing completed
2025-06-02 17:57:46,922 - INFO - Point data plotted to current window
2025-06-02 17:57:46,922 - INFO - Data loaded successfully: 534383 rows
2025-06-02 17:57:55,605 - INFO - Track data plotted to current window: 967 tracks
2025-06-02 17:58:21,780 - INFO - Starting ROI plot
2025-06-02 17:59:16,712 - INFO - Starting ROI plot
2025-06-02 18:00:42,752 - INFO - Numba acceleration enabled
2025-06-02 18:00:42,939 - INFO - Initializing LocsAndTracksPlotter
2025-06-02 18:00:49,845 - ERROR - Error setting up plot appearance: 'PlotItem' object has no attribute 'setBackground'
2025-06-02 18:00:54,950 - INFO - File selected: /Users/george/Desktop/marta_examples/DMSO/MCS_02A_2023_08_31_DMSOctrl_Standard_2/MCS_02A_2023_08_31_DMSOctrl_Standard_2_MMStack_Default.ome_locsID_tracksRG_SVMPredicted_NN_diffusion_velocity_AllLocs_NNcount_BGsubtract_trapped-AllFrames.csv
2025-06-02 18:00:54,950 - INFO - File selected: /Users/george/Desktop/marta_examples/DMSO/MCS_02A_2023_08_31_DMSOctrl_Standard_2/MCS_02A_2023_08_31_DMSOctrl_Standard_2_MMStack_Default.ome_locsID_tracksRG_SVMPredicted_NN_diffusion_velocity_AllLocs_NNcount_BGsubtract_trapped-AllFrames.csv
2025-06-02 18:00:54,950 - INFO - Loading data file
2025-06-02 18:00:56,539 - INFO - Data processing completed
2025-06-02 18:00:59,046 - INFO - Point data plotted to current window
2025-06-02 18:00:59,047 - INFO - Data loaded successfully: 534383 rows
2025-06-02 18:01:03,238 - INFO - Track data plotted to current window: 967 tracks
2025-06-02 18:01:13,402 - ERROR - Uncaught exception
Traceback (most recent call last):
  File "/Users/george/.FLIKA/plugins/locsAndTracksPlotter/roiZoomPlotter.py", line 953, in startPlot
    self.update()
  File "/Users/george/.FLIKA/plugins/locsAndTracksPlotter/roiZoomPlotter.py", line 798, in update
    self.selectedPoints = [[frame, pt.x(), pt.y()] for pt in self.mainGUI.getScatterPointsAsQPoints() if roiShape.contains(pt)]
                                                             ^^^^^^^^^^^^^^^^^^^^^^^^^^^^^^^^^^^^^^
AttributeError: 'LocsAndTracksPlotter' object has no attribute 'getScatterPointsAsQPoints'
2025-06-02 18:03:55,853 - INFO - Numba acceleration enabled
2025-06-02 18:03:56,028 - INFO - Initializing LocsAndTracksPlotter
2025-06-02 18:04:03,627 - ERROR - Error setting up plot appearance: 'PlotItem' object has no attribute 'setBackground'
2025-06-02 18:04:09,786 - INFO - File selected: /Users/george/Desktop/marta_examples/DMSO/MCS_02A_2023_08_31_DMSOctrl_Standard_2/MCS_02A_2023_08_31_DMSOctrl_Standard_2_MMStack_Default.ome_locsID_tracksRG_SVMPredicted_NN_diffusion_velocity_AllLocs_NNcount_BGsubtract_trapped-AllFrames.csv
2025-06-02 18:04:09,787 - INFO - File selected: /Users/george/Desktop/marta_examples/DMSO/MCS_02A_2023_08_31_DMSOctrl_Standard_2/MCS_02A_2023_08_31_DMSOctrl_Standard_2_MMStack_Default.ome_locsID_tracksRG_SVMPredicted_NN_diffusion_velocity_AllLocs_NNcount_BGsubtract_trapped-AllFrames.csv
2025-06-02 18:04:09,787 - INFO - Loading data file
2025-06-02 18:04:11,379 - INFO - Data processing completed
2025-06-02 18:04:13,828 - INFO - Point data plotted to current window
2025-06-02 18:04:13,828 - INFO - Data loaded successfully: 534383 rows
2025-06-02 18:04:18,439 - INFO - Track data plotted to current window: 967 tracks
